D:\我的文档\VISUAL STUDIO 2010\PROJECTS\SCREENLIGHT\DEBUG\SCREENLIGHT.EXE
D:\我的文档\VISUAL STUDIO 2010\PROJECTS\SCREENLIGHT\DEBUG\SCREENLIGHT.ILK
D:\我的文档\VISUAL STUDIO 2010\PROJECTS\SCREENLIGHT\DEBUG\SCREENLIGHT.PDB
D:\我的文档\VISUAL STUDIO 2010\PROJECTS\SCREENLIGHT\SCREENLIGHT\DEBUG\CHANGEBRIGHTNESS.OBJ
d:\我的文档\visual studio 2010\Projects\ScreenLight\ScreenLight\Debug\cl.command.1.tlog
d:\我的文档\visual studio 2010\Projects\ScreenLight\ScreenLight\Debug\CL.read.1.tlog
d:\我的文档\visual studio 2010\Projects\ScreenLight\ScreenLight\Debug\CL.write.1.tlog
d:\我的文档\visual studio 2010\Projects\ScreenLight\ScreenLight\Debug\link.command.1.tlog
d:\我的文档\visual studio 2010\Projects\ScreenLight\ScreenLight\Debug\link.read.1.tlog
d:\我的文档\visual studio 2010\Projects\ScreenLight\ScreenLight\Debug\link.write.1.tlog
d:\我的文档\visual studio 2010\Projects\ScreenLight\ScreenLight\Debug\link-cvtres.read.1.tlog
d:\我的文档\visual studio 2010\Projects\ScreenLight\ScreenLight\Debug\link-cvtres.write.1.tlog
d:\我的文档\visual studio 2010\Projects\ScreenLight\ScreenLight\Debug\mt.command.1.tlog
d:\我的文档\visual studio 2010\Projects\ScreenLight\ScreenLight\Debug\mt.read.1.tlog
d:\我的文档\visual studio 2010\Projects\ScreenLight\ScreenLight\Debug\mt.write.1.tlog
d:\我的文档\visual studio 2010\Projects\ScreenLight\ScreenLight\Debug\rc.command.1.tlog
d:\我的文档\visual studio 2010\Projects\ScreenLight\ScreenLight\Debug\rc.read.1.tlog
d:\我的文档\visual studio 2010\Projects\ScreenLight\ScreenLight\Debug\rc.write.1.tlog
D:\我的文档\VISUAL STUDIO 2010\PROJECTS\SCREENLIGHT\SCREENLIGHT\DEBUG\SCREENLIGHT.EXE.EMBED.MANIFEST
D:\我的文档\VISUAL STUDIO 2010\PROJECTS\SCREENLIGHT\SCREENLIGHT\DEBUG\SCREENLIGHT.EXE.EMBED.MANIFEST.RES
D:\我的文档\VISUAL STUDIO 2010\PROJECTS\SCREENLIGHT\SCREENLIGHT\DEBUG\SCREENLIGHT.EXE.INTERMEDIATE.MANIFEST
D:\我的文档\VISUAL STUDIO 2010\PROJECTS\SCREENLIGHT\SCREENLIGHT\DEBUG\SCREENLIGHT.OBJ
D:\我的文档\VISUAL STUDIO 2010\PROJECTS\SCREENLIGHT\SCREENLIGHT\DEBUG\SCREENLIGHT.PCH
D:\我的文档\VISUAL STUDIO 2010\PROJECTS\SCREENLIGHT\SCREENLIGHT\DEBUG\SCREENLIGHT.RES
d:\我的文档\visual studio 2010\Projects\ScreenLight\ScreenLight\Debug\ScreenLight_manifest.rc
D:\我的文档\VISUAL STUDIO 2010\PROJECTS\SCREENLIGHT\SCREENLIGHT\DEBUG\SCREENLIGHTDLG.OBJ
D:\我的文档\VISUAL STUDIO 2010\PROJECTS\SCREENLIGHT\SCREENLIGHT\DEBUG\STDAFX.OBJ
d:\我的文档\visual studio 2010\Projects\ScreenLight\ScreenLight\Debug\vc100.idb
D:\我的文档\VISUAL STUDIO 2010\PROJECTS\SCREENLIGHT\SCREENLIGHT\DEBUG\VC100.PDB
